app/build/intermediates/manifest_merge_blame_file/debug/processDebugMainManifest/manifest-merger-blame-debug-report.txt
1<?xml version="1.0" encoding="utf-8"?>
2<manifest xmlns:android="http://schemas.android.com/apk/res/android"
3    package="com.example.voicewhatsapp"
4    android:versionCode="1"
5    android:versionName="1.0" >
6
7    <uses-sdk
8        android:minSdkVersion="26"
9        android:targetSdkVersion="34" />
10
11    <uses-permission android:name="android.permission.RECORD_AUDIO" />
11-->src\main\AndroidManifest.xml:5:5-71
11-->src\main\AndroidManifest.xml:5:22-68
12    <uses-permission android:name="android.permission.INTERNET" />
12-->src\main\AndroidManifest.xml:6:5-67
12-->src\main\AndroidManifest.xml:6:22-64
13    <uses-permission android:name="android.permission.FOREGROUND_SERVICE" />
13-->src\main\AndroidManifest.xml:7:5-77
13-->src\main\AndroidManifest.xml:7:22-74
14    <uses-permission android:name="android.permission.FOREGROUND_SERVICE_MICROPHONE" />
14-->src\main\AndroidManifest.xml:8:5-88
14-->src\main\AndroidManifest.xml:8:22-85
15    <uses-permission android:name="android.permission.POST_NOTIFICATIONS" />
15-->src\main\AndroidManifest.xml:9:5-77
15-->src\main\AndroidManifest.xml:9:22-74
16    <uses-permission android:name="android.permission.READ_CONTACTS" />
16-->src\main\AndroidManifest.xml:10:5-72
16-->src\main\AndroidManifest.xml:10:22-69
17    <uses-permission android:name="android.permission.CALL_PHONE" />
17-->src\main\AndroidManifest.xml:11:5-69
17-->src\main\AndroidManifest.xml:11:22-66
18
19    <queries>
19-->src\main\AndroidManifest.xml:13:5-15:15
20        <package android:name="com.whatsapp" />
20-->src\main\AndroidManifest.xml:14:9-48
20-->src\main\AndroidManifest.xml:14:18-45
21    </queries>
22
23    <permission
23-->[androidx.core:core:1.12.0] AndroidManifest.xml:22:5-24:47
24        android:name="com.example.voicewhatsapp.DYNAMIC_RECEIVER_NOT_EXPORTED_PERMISSION"
24-->[androidx.core:core:1.12.0] AndroidManifest.xml:23:9-81
25        android:protectionLevel="signature" />
25-->[androidx.core:core:1.12.0] AndroidManifest.xml:24:9-44
26
27    <uses-permission android:name="com.example.voicewhatsapp.DYNAMIC_RECEIVER_NOT_EXPORTED_PERMISSION" />
27-->[androidx.core:core:1.12.0] AndroidManifest.xml:26:5-97
27-->[androidx.core:core:1.12.0] AndroidManifest.xml:26:22-94
28
29    <application
29-->src\main\AndroidManifest.xml:17:5-47:19
30        android:allowBackup="true"
30-->src\main\AndroidManifest.xml:18:9-35
31        android:appComponentFactory="androidx.core.app.CoreComponentFactory"
31-->[androidx.core:core:1.12.0] AndroidManifest.xml:28:18-86
32        android:debuggable="true"
33        android:extractNativeLibs="false"
34        android:label="Voice WhatsApp"
34-->src\main\AndroidManifest.xml:19:9-39
35        android:testOnly="true"
36        android:theme="@android:style/Theme.Material.Light" >
36-->src\main\AndroidManifest.xml:20:9-60
37        <activity
37-->src\main\AndroidManifest.xml:22:9-28:20
38            android:name="com.example.voicewhatsapp.MainActivity"
38-->src\main\AndroidManifest.xml:22:19-47
39            android:exported="true" >
39-->src\main\AndroidManifest.xml:23:13-36
40            <intent-filter>
40-->src\main\AndroidManifest.xml:24:13-27:29
41                <action android:name="android.intent.action.MAIN" />
41-->src\main\AndroidManifest.xml:25:17-69
41-->src\main\AndroidManifest.xml:25:25-66
42
43                <category android:name="android.intent.category.LAUNCHER" />
43-->src\main\AndroidManifest.xml:26:17-77
43-->src\main\AndroidManifest.xml:26:27-74
44            </intent-filter>
45        </activity>
46
47        <service
47-->src\main\AndroidManifest.xml:30:9-40:19
48            android:name="com.example.voicewhatsapp.WhatsAppAccessibilityService"
48-->src\main\AndroidManifest.xml:31:13-57
49            android:exported="false"
49-->src\main\AndroidManifest.xml:33:13-37
50            android:permission="android.permission.BIND_ACCESSIBILITY_SERVICE" >
50-->src\main\AndroidManifest.xml:32:13-79
51            <intent-filter>
51-->src\main\AndroidManifest.xml:34:13-36:29
52                <action android:name="android.accessibilityservice.AccessibilityService" />
52-->src\main\AndroidManifest.xml:35:17-92
52-->src\main\AndroidManifest.xml:35:25-89
53            </intent-filter>
54
55            <meta-data
55-->src\main\AndroidManifest.xml:37:13-39:72
56                android:name="android.accessibilityservice"
56-->src\main\AndroidManifest.xml:38:17-60
57                android:resource="@xml/accessibility_service_config" />
57-->src\main\AndroidManifest.xml:39:17-69
58        </service>
59        <service
59-->src\main\AndroidManifest.xml:42:9-45:40
60            android:name="com.example.voicewhatsapp.VoiceListenerService"
60-->src\main\AndroidManifest.xml:43:13-49
61            android:exported="false"
61-->src\main\AndroidManifest.xml:45:13-37
62            android:foregroundServiceType="microphone" />
62-->src\main\AndroidManifest.xml:44:13-55
63
64        <provider
64-->[androidx.profileinstaller:profileinstaller:1.3.0] AndroidManifest.xml:24:9-32:20
65            android:name="androidx.startup.InitializationProvider"
65-->[androidx.profileinstaller:profileinstaller:1.3.0] AndroidManifest.xml:25:13-67
66            android:authorities="com.example.voicewhatsapp.androidx-startup"
66-->[androidx.profileinstaller:profileinstaller:1.3.0] AndroidManifest.xml:26:13-68
67            android:exported="false" >
67-->[androidx.profileinstaller:profileinstaller:1.3.0] AndroidManifest.xml:27:13-37
68            <meta-data
68-->[androidx.profileinstaller:profileinstaller:1.3.0] AndroidManifest.xml:29:13-31:52
69                android:name="androidx.profileinstaller.ProfileInstallerInitializer"
69-->[androidx.profileinstaller:profileinstaller:1.3.0] AndroidManifest.xml:30:17-85
70                android:value="androidx.startup" />
70-->[androidx.profileinstaller:profileinstaller:1.3.0] AndroidManifest.xml:31:17-49
71        </provider>
72
73        <receiver
73-->[androidx.profileinstaller:profileinstaller:1.3.0] AndroidManifest.xml:34:9-52:20
74            android:name="androidx.profileinstaller.ProfileInstallReceiver"
74-->[androidx.profileinstaller:profileinstaller:1.3.0] AndroidManifest.xml:35:13-76
75            android:directBootAware="false"
75-->[androidx.profileinstaller:profileinstaller:1.3.0] AndroidManifest.xml:36:13-44
76            android:enabled="true"
76-->[androidx.profileinstaller:profileinstaller:1.3.0] AndroidManifest.xml:37:13-35
77            android:exported="true"
77-->[androidx.profileinstaller:profileinstaller:1.3.0] AndroidManifest.xml:38:13-36
78            android:permission="android.permission.DUMP" >
78-->[androidx.profileinstaller:profileinstaller:1.3.0] AndroidManifest.xml:39:13-57
79            <intent-filter>
79-->[androidx.profileinstaller:profileinstaller:1.3.0] AndroidManifest.xml:40:13-42:29
80                <action android:name="androidx.profileinstaller.action.INSTALL_PROFILE" />
80-->[androidx.profileinstaller:profileinstaller:1.3.0] AndroidManifest.xml:41:17-91
80-->[androidx.profileinstaller:profileinstaller:1.3.0] AndroidManifest.xml:41:25-88
81            </intent-filter>
82            <intent-filter>
82-->[androidx.profileinstaller:profileinstaller:1.3.0] AndroidManifest.xml:43:13-45:29
83                <action android:name="androidx.profileinstaller.action.SKIP_FILE" />
83-->[androidx.profileinstaller:profileinstaller:1.3.0] AndroidManifest.xml:44:17-85
83-->[androidx.profileinstaller:profileinstaller:1.3.0] AndroidManifest.xml:44:25-82
84            </intent-filter>
85            <intent-filter>
85-->[androidx.profileinstaller:profileinstaller:1.3.0] AndroidManifest.xml:46:13-48:29
86                <action android:name="androidx.profileinstaller.action.SAVE_PROFILE" />
86-->[androidx.profileinstaller:profileinstaller:1.3.0] AndroidManifest.xml:47:17-88
86-->[androidx.profileinstaller:profileinstaller:1.3.0] AndroidManifest.xml:47:25-85
87            </intent-filter>
88            <intent-filter>
88-->[androidx.profileinstaller:profileinstaller:1.3.0] AndroidManifest.xml:49:13-51:29
89                <action android:name="androidx.profileinstaller.action.BENCHMARK_OPERATION" />
89-->[androidx.profileinstaller:profileinstaller:1.3.0] AndroidManifest.xml:50:17-95
89-->[androidx.profileinstaller:profileinstaller:1.3.0] AndroidManifest.xml:50:25-92
90            </intent-filter>
91        </receiver>
92    </application>
93
94</manifest>